<component name="libraryTable">
  <library name="junit-dep-4.8.2">
    <CLASSES>
      <root url="jar://$USER_HOME$/.gradle/caches/artifacts-7/artifacts/56865c09425cc6ecda8606d7e6035ceb/junit/junit-dep/4.8.2/jar/junit-dep-4.8.2.jar!/" />
    </CLASSES>
    <JAVADOC />
    <SOURCES>
      <root url="jar://$USER_HOME$/.gradle/caches/artifacts-7/artifacts/56865c09425cc6ecda8606d7e6035ceb/junit/junit-dep/4.8.2/source/junit-dep-4.8.2-sources.jar!/" />
    </SOURCES>
  </library>
</component>